<?xml version="1.0" encoding="UTF-8"?>
<!-- Generated by org.testng.reporters.JUnitReportReporter -->
<testsuite skipped="0" hostname="Swathi-PC" name="com.Main.LoginApplicationTest" tests="1" failures="0" timestamp="21 Jun 2018 20:41:22 GMT" time="27.496" errors="0">
  <testcase name="logIn" time="27.496" classname="com.Main.LoginApplicationTest"/>
</testsuite> <!-- com.Main.LoginApplicationTest -->
