<?xml version="1.0" encoding="UTF-8"?>
<!-- Generated by org.testng.reporters.JUnitReportReporter -->
<testsuite skipped="0" hostname="Swathi-PC" name="com.Main.LoginApplication" tests="1" failures="0" timestamp="20 Jun 2018 19:15:19 GMT" time="20.335" errors="0">
  <testcase name="logIn" time="20.335" classname="com.Main.LoginApplication"/>
</testsuite> <!-- com.Main.LoginApplication -->
