<?xml version="1.0" encoding="UTF-8"?>
<!-- Generated by org.testng.reporters.JUnitReportReporter -->
<testsuite skipped="0" hostname="Swathi-PC" name="com.Main.LoginApplicationTest" tests="1" failures="0" timestamp="20 Jun 2018 19:55:42 GMT" time="18.497" errors="0">
  <testcase name="logIn" time="18.497" classname="com.Main.LoginApplicationTest"/>
</testsuite> <!-- com.Main.LoginApplicationTest -->
