<?xml version="1.0" encoding="UTF-8"?>
<!-- Generated by org.testng.reporters.JUnitReportReporter -->
<testsuite skipped="0" hostname="Swathi-PC" name="com.Main.DummyTest" tests="2" failures="0" timestamp="20 Jun 2018 19:45:45 GMT" time="0.019" errors="0">
  <testcase name="Harshi" time="0.019" classname="com.Main.DummyTest"/>
  <testcase name="swathi" time="0.000" classname="com.Main.DummyTest"/>
</testsuite> <!-- com.Main.DummyTest -->
